Active-HDL 12.0.118.7745 2025-04-27 18:24:28

Elaboration top modules:
Architecture                  TB_ARCHITECTURE(feedmode_tb)


----------------------------------------------------------------------------------------------------------
Entity      | Architecture    | Library            | Info | Compiler Version        | Compilation Options
----------------------------------------------------------------------------------------------------------
feedmode_tb | TB_ARCHITECTURE | aquariumcontroller |      | 12.0.118.7745 (Windows) | -O3
feedmode    | Behavioral      | aquariumcontroller |      | 12.0.118.7745 (Windows) | -O3
----------------------------------------------------------------------------------------------------------

----------------------------------------------------------------------------------------------------------
VHDL Package                  | Library            | Info | Compiler Version        | Compilation Options
----------------------------------------------------------------------------------------------------------
standard                      | std                |      |                         | <unavailable>
TEXTIO                        | std                |      |                         | <unavailable>
std_logic_1164                | ieee               |      |                         | <unavailable>
NUMERIC_STD                   | ieee               |      |                         | <unavailable>
----------------------------------------------------------------------------------------------------------

----------------------------------------------------------------------------------------------------------
Library                       | Comment
----------------------------------------------------------------------------------------------------------
aquariumcontroller            | None
ieee                          | Standard IEEE packages library
std                           | Standard VHDL library
----------------------------------------------------------------------------------------------------------
