# ELBREAD: Elaboration process.
# ELBREAD: Elaboration time 0.0 [s].
# Waveform file 'C:/My_Designs/Aquarium_Controller/AquariumControlerVHDL/src/TopLevel(everythingsim).awc' connected to 'C:/My_Designs/Aquarium_Controller/AquariumControlerVHDL/src/TopLevel(everythingsim).asdb'.
acom -reorder -O3 -e 100 -work aquariumcontroller -2019  "$dsn/src/rtc clock.vhd" $dsn/src/simheatadc.vhd "$dsn/src/lighting control.vhd" $dsn/src/maitenence.vhd $dsn/src/feed.vhd "$dsn/src/heat control.vhd" $dsn/src/ato.vhd $dsn/src/toplevel.vhd $dsn/src/testbench/toplevel_tb.vhd $dsn/src/testbench/feedmode_tb.vhd $dsn/src/testbench/lighting_control_tb.vhd $dsn/src/testbench/heat_control_tb.vhd $dsn/src/testbench/ato_tb.vhd $dsn/src/testbench/simheatadc_tb.vhd $dsn/src/testbench/rtc_tb.vhd $dsn/src/testbench/maintenance_tb.vhd
# Warning: DAGGEN_0523: The source is compiled without the -dbg switch. Line breakpoints and assertion debug will not be available.
# File: C:/My_Designs/Aquarium_Controller/AquariumControlerVHDL/src/rtc clock.vhd
# Compile Entity "RTC"
# Compile Architecture "Behavioral" of Entity "RTC"
# File: C:/My_Designs/Aquarium_Controller/AquariumControlerVHDL/src/simheatadc.vhd
# Compile Entity "SimHeatADC"
# Compile Architecture "behavior" of Entity "SimHeatADC"
# File: C:/My_Designs/Aquarium_Controller/AquariumControlerVHDL/src/lighting control.vhd
# Compile Entity "Lighting_Control"
# Compile Architecture "Behavioral" of Entity "Lighting_Control"
# File: C:/My_Designs/Aquarium_Controller/AquariumControlerVHDL/src/maitenence.vhd
# Compile Entity "maintenance"
# Compile Architecture "Behavioral" of Entity "maintenance"
# File: C:/My_Designs/Aquarium_Controller/AquariumControlerVHDL/src/feed.vhd
# Compile Entity "feedmode"
# Compile Architecture "Behavioral" of Entity "feedmode"
# File: C:/My_Designs/Aquarium_Controller/AquariumControlerVHDL/src/heat control.vhd
# Compile Entity "Heat_control"
# Compile Architecture "behavioral" of Entity "Heat_control"
# File: C:/My_Designs/Aquarium_Controller/AquariumControlerVHDL/src/ato.vhd
# Compile Entity "ATO"
# Compile Architecture "Behavioral" of Entity "ATO"
# File: C:/My_Designs/Aquarium_Controller/AquariumControlerVHDL/src/toplevel.vhd
# Compile Entity "TopLevel"
# Compile Architecture "Behavioral" of Entity "TopLevel"
# File: C:/My_Designs/Aquarium_Controller/AquariumControlerVHDL/src/testbench/toplevel_tb.vhd
# Compile Entity "TopLevel_tb"
# Compile Architecture "Behavioral" of Entity "TopLevel_tb"
# File: C:/My_Designs/Aquarium_Controller/AquariumControlerVHDL/src/testbench/feedmode_tb.vhd
# Compile Entity "feedmode_tb"
# Compile Architecture "TB_ARCHITECTURE" of Entity "feedmode_tb"
# Compile Configuration "TESTBENCH_FOR_feedmode"
# File: C:/My_Designs/Aquarium_Controller/AquariumControlerVHDL/src/testbench/lighting_control_tb.vhd
# Compile Entity "lighting_control_tb"
# Compile Architecture "TB_ARCHITECTURE" of Entity "lighting_control_tb"
# Compile Configuration "TESTBENCH_FOR_lighting_control"
# File: C:/My_Designs/Aquarium_Controller/AquariumControlerVHDL/src/testbench/heat_control_tb.vhd
# Compile Entity "heat_control_tb"
# Compile Architecture "TB_ARCHITECTURE" of Entity "heat_control_tb"
# Compile Configuration "TESTBENCH_FOR_heat_control"
# File: C:/My_Designs/Aquarium_Controller/AquariumControlerVHDL/src/testbench/ato_tb.vhd
# Compile Entity "ato_tb"
# Compile Architecture "TB_ARCHITECTURE" of Entity "ato_tb"
# Compile Configuration "TESTBENCH_FOR_ato"
# File: C:/My_Designs/Aquarium_Controller/AquariumControlerVHDL/src/testbench/simheatadc_tb.vhd
# Compile Entity "SimHeatADC_tb"
# Compile Architecture "TB_ARCHITECTURE" of Entity "SimHeatADC_tb"
# Compile Configuration "TESTBENCH_FOR_SimHeatADC"
# File: C:/My_Designs/Aquarium_Controller/AquariumControlerVHDL/src/testbench/rtc_tb.vhd
# Compile Entity "rtc_tb"
# Compile Architecture "TB_ARCHITECTURE" of Entity "rtc_tb"
# Compile Configuration "TESTBENCH_FOR_rtc"
# File: C:/My_Designs/Aquarium_Controller/AquariumControlerVHDL/src/testbench/maintenance_tb.vhd
# Compile Entity "maintenance_tb"
# Compile Architecture "TB_ARCHITECTURE" of Entity "maintenance_tb"
# Compile Configuration "TESTBENCH_FOR_maintenance"
# Top-level unit(s) detected:
# Configuration => TESTBENCH_FOR_heat_control
# Configuration => TESTBENCH_FOR_rtc
# Entity => TopLevel_tb
# Configuration => TESTBENCH_FOR_SimHeatADC
# Configuration => TESTBENCH_FOR_lighting_control
# Configuration => TESTBENCH_FOR_maintenance
# Configuration => TESTBENCH_FOR_feedmode
# Configuration => TESTBENCH_FOR_ato
# Compile success 0 Errors 0 Warnings  Analysis time :  0.6 [s]
acom -reorder -O3 -e 100 -work aquariumcontroller -2019  "$dsn/src/rtc clock.vhd" $dsn/src/simheatadc.vhd "$dsn/src/lighting control.vhd" $dsn/src/maitenence.vhd $dsn/src/feed.vhd "$dsn/src/heat control.vhd" $dsn/src/ato.vhd $dsn/src/toplevel.vhd $dsn/src/testbench/toplevel_tb.vhd $dsn/src/testbench/feedmode_tb.vhd $dsn/src/testbench/lighting_control_tb.vhd $dsn/src/testbench/heat_control_tb.vhd $dsn/src/testbench/ato_tb.vhd $dsn/src/testbench/simheatadc_tb.vhd $dsn/src/testbench/rtc_tb.vhd $dsn/src/testbench/maintenance_tb.vhd
# Warning: DAGGEN_0523: The source is compiled without the -dbg switch. Line breakpoints and assertion debug will not be available.
# File: C:/My_Designs/Aquarium_Controller/AquariumControlerVHDL/src/rtc clock.vhd
# Compile Entity "RTC"
# Compile Architecture "Behavioral" of Entity "RTC"
# File: C:/My_Designs/Aquarium_Controller/AquariumControlerVHDL/src/simheatadc.vhd
# Compile Entity "SimHeatADC"
# Compile Architecture "behavior" of Entity "SimHeatADC"
# File: C:/My_Designs/Aquarium_Controller/AquariumControlerVHDL/src/lighting control.vhd
# Compile Entity "Lighting_Control"
# Compile Architecture "Behavioral" of Entity "Lighting_Control"
# File: C:/My_Designs/Aquarium_Controller/AquariumControlerVHDL/src/maitenence.vhd
# Compile Entity "maintenance"
# Compile Architecture "Behavioral" of Entity "maintenance"
# File: C:/My_Designs/Aquarium_Controller/AquariumControlerVHDL/src/feed.vhd
# Compile Entity "feedmode"
# Compile Architecture "Behavioral" of Entity "feedmode"
# File: C:/My_Designs/Aquarium_Controller/AquariumControlerVHDL/src/heat control.vhd
# Compile Entity "Heat_control"
# Compile Architecture "behavioral" of Entity "Heat_control"
# File: C:/My_Designs/Aquarium_Controller/AquariumControlerVHDL/src/ato.vhd
# Compile Entity "ATO"
# Compile Architecture "Behavioral" of Entity "ATO"
# File: C:/My_Designs/Aquarium_Controller/AquariumControlerVHDL/src/toplevel.vhd
# Compile Entity "TopLevel"
# Compile Architecture "Behavioral" of Entity "TopLevel"
# File: C:/My_Designs/Aquarium_Controller/AquariumControlerVHDL/src/testbench/toplevel_tb.vhd
# Compile Entity "TopLevel_tb"
# Compile Architecture "Behavioral" of Entity "TopLevel_tb"
# File: C:/My_Designs/Aquarium_Controller/AquariumControlerVHDL/src/testbench/feedmode_tb.vhd
# Compile Entity "feedmode_tb"
# Compile Architecture "TB_ARCHITECTURE" of Entity "feedmode_tb"
# Compile Configuration "TESTBENCH_FOR_feedmode"
# File: C:/My_Designs/Aquarium_Controller/AquariumControlerVHDL/src/testbench/lighting_control_tb.vhd
# Compile Entity "lighting_control_tb"
# Compile Architecture "TB_ARCHITECTURE" of Entity "lighting_control_tb"
# Compile Configuration "TESTBENCH_FOR_lighting_control"
# File: C:/My_Designs/Aquarium_Controller/AquariumControlerVHDL/src/testbench/heat_control_tb.vhd
# Compile Entity "heat_control_tb"
# Compile Architecture "TB_ARCHITECTURE" of Entity "heat_control_tb"
# Compile Configuration "TESTBENCH_FOR_heat_control"
# File: C:/My_Designs/Aquarium_Controller/AquariumControlerVHDL/src/testbench/ato_tb.vhd
# Compile Entity "ato_tb"
# Compile Architecture "TB_ARCHITECTURE" of Entity "ato_tb"
# Compile Configuration "TESTBENCH_FOR_ato"
# File: C:/My_Designs/Aquarium_Controller/AquariumControlerVHDL/src/testbench/simheatadc_tb.vhd
# Compile Entity "SimHeatADC_tb"
# Compile Architecture "TB_ARCHITECTURE" of Entity "SimHeatADC_tb"
# Compile Configuration "TESTBENCH_FOR_SimHeatADC"
# File: C:/My_Designs/Aquarium_Controller/AquariumControlerVHDL/src/testbench/rtc_tb.vhd
# Compile Entity "rtc_tb"
# Compile Architecture "TB_ARCHITECTURE" of Entity "rtc_tb"
# Compile Configuration "TESTBENCH_FOR_rtc"
# File: C:/My_Designs/Aquarium_Controller/AquariumControlerVHDL/src/testbench/maintenance_tb.vhd
# Compile Entity "maintenance_tb"
# Compile Architecture "TB_ARCHITECTURE" of Entity "maintenance_tb"
# Compile Configuration "TESTBENCH_FOR_maintenance"
# Top-level unit(s) detected:
# Configuration => TESTBENCH_FOR_heat_control
# Configuration => TESTBENCH_FOR_rtc
# Entity => TopLevel_tb
# Configuration => TESTBENCH_FOR_SimHeatADC
# Configuration => TESTBENCH_FOR_lighting_control
# Configuration => TESTBENCH_FOR_maintenance
# Configuration => TESTBENCH_FOR_feedmode
# Configuration => TESTBENCH_FOR_ato
# Compile success 0 Errors 0 Warnings  Analysis time :  0.5 [s]
asim -O5 +access +r +m+TopLevel_tb TopLevel_tb Behavioral
# ELBREAD: Elaboration process.
# ELBREAD: Elaboration time 0.0 [s].
# VSIM: Stack memory: 32MB
# VSIM: Retval memory: 32MB
# 
# KERNEL: Main thread initiated.
# KERNEL: Kernel process initialization phase.
# ELAB2: Elaboration final pass...
# ELAB2: Create instances ...
# KERNEL: Time resolution set to 1ps.
# ELAB2: Create instances complete.
# SLP: Started
# SLP: Elaboration phase ...
# SLP: Elaboration phase ... skipped, nothing to simulate in SLP mode : 0.0 [s]
# SLP: Finished : 0.0 [s]
# ELAB2: Elaboration final pass complete - time: 0.1 [s].
# KERNEL: Warning: You are using the Active-HDL EDU Edition. The performance of simulation is running at a reduced rate.
# KERNEL: Warning: Contact Aldec for available upgrade options - sales@aldec.com.
# KERNEL: Kernel process initialization done.
# Allocation: Simulator allocated 6225 kB (elbread=256 elab2=5830 kernel=138 sdf=0)
# KERNEL: ASDB file was created in location C:\My_Designs\Aquarium_Controller\AquariumControlerVHDL\src\wave.asdb
#  4:01 PM, Thursday, May 8, 2025
#  Simulation has been initialized
endsim
# VSIM: Simulation has finished.
acom -reorder -O3 -e 100 -work aquariumcontroller -2019  "$dsn/src/rtc clock.vhd" $dsn/src/simheatadc.vhd "$dsn/src/lighting control.vhd" $dsn/src/maitenence.vhd $dsn/src/feed.vhd "$dsn/src/heat control.vhd" $dsn/src/ato.vhd $dsn/src/toplevel.vhd $dsn/src/testbench/toplevel_tb.vhd $dsn/src/testbench/feedmode_tb.vhd $dsn/src/testbench/lighting_control_tb.vhd $dsn/src/testbench/heat_control_tb.vhd $dsn/src/testbench/ato_tb.vhd $dsn/src/testbench/simheatadc_tb.vhd $dsn/src/testbench/rtc_tb.vhd $dsn/src/testbench/maintenance_tb.vhd
# Warning: DAGGEN_0523: The source is compiled without the -dbg switch. Line breakpoints and assertion debug will not be available.
# File: C:/My_Designs/Aquarium_Controller/AquariumControlerVHDL/src/rtc clock.vhd
# Compile Entity "RTC"
# Compile Architecture "Behavioral" of Entity "RTC"
# File: C:/My_Designs/Aquarium_Controller/AquariumControlerVHDL/src/simheatadc.vhd
# Compile Entity "SimHeatADC"
# Compile Architecture "behavior" of Entity "SimHeatADC"
# File: C:/My_Designs/Aquarium_Controller/AquariumControlerVHDL/src/lighting control.vhd
# Compile Entity "Lighting_Control"
# Compile Architecture "Behavioral" of Entity "Lighting_Control"
# File: C:/My_Designs/Aquarium_Controller/AquariumControlerVHDL/src/maitenence.vhd
# Compile Entity "maintenance"
# Compile Architecture "Behavioral" of Entity "maintenance"
# File: C:/My_Designs/Aquarium_Controller/AquariumControlerVHDL/src/feed.vhd
# Compile Entity "feedmode"
# Compile Architecture "Behavioral" of Entity "feedmode"
# File: C:/My_Designs/Aquarium_Controller/AquariumControlerVHDL/src/heat control.vhd
# Compile Entity "Heat_control"
# Compile Architecture "behavioral" of Entity "Heat_control"
# File: C:/My_Designs/Aquarium_Controller/AquariumControlerVHDL/src/ato.vhd
# Compile Entity "ATO"
# Compile Architecture "Behavioral" of Entity "ATO"
# File: C:/My_Designs/Aquarium_Controller/AquariumControlerVHDL/src/toplevel.vhd
# Compile Entity "TopLevel"
# Compile Architecture "Behavioral" of Entity "TopLevel"
# File: C:/My_Designs/Aquarium_Controller/AquariumControlerVHDL/src/testbench/toplevel_tb.vhd
# Compile Entity "TopLevel_tb"
# Compile Architecture "Behavioral" of Entity "TopLevel_tb"
# File: C:/My_Designs/Aquarium_Controller/AquariumControlerVHDL/src/testbench/feedmode_tb.vhd
# Compile Entity "feedmode_tb"
# Compile Architecture "TB_ARCHITECTURE" of Entity "feedmode_tb"
# Compile Configuration "TESTBENCH_FOR_feedmode"
# File: C:/My_Designs/Aquarium_Controller/AquariumControlerVHDL/src/testbench/lighting_control_tb.vhd
# Compile Entity "lighting_control_tb"
# Compile Architecture "TB_ARCHITECTURE" of Entity "lighting_control_tb"
# Compile Configuration "TESTBENCH_FOR_lighting_control"
# File: C:/My_Designs/Aquarium_Controller/AquariumControlerVHDL/src/testbench/heat_control_tb.vhd
# Compile Entity "heat_control_tb"
# Compile Architecture "TB_ARCHITECTURE" of Entity "heat_control_tb"
# Compile Configuration "TESTBENCH_FOR_heat_control"
# File: C:/My_Designs/Aquarium_Controller/AquariumControlerVHDL/src/testbench/ato_tb.vhd
# Compile Entity "ato_tb"
# Compile Architecture "TB_ARCHITECTURE" of Entity "ato_tb"
# Compile Configuration "TESTBENCH_FOR_ato"
# File: C:/My_Designs/Aquarium_Controller/AquariumControlerVHDL/src/testbench/simheatadc_tb.vhd
# Compile Entity "SimHeatADC_tb"
# Compile Architecture "TB_ARCHITECTURE" of Entity "SimHeatADC_tb"
# Compile Configuration "TESTBENCH_FOR_SimHeatADC"
# File: C:/My_Designs/Aquarium_Controller/AquariumControlerVHDL/src/testbench/rtc_tb.vhd
# Compile Entity "rtc_tb"
# Compile Architecture "TB_ARCHITECTURE" of Entity "rtc_tb"
# Compile Configuration "TESTBENCH_FOR_rtc"
# File: C:/My_Designs/Aquarium_Controller/AquariumControlerVHDL/src/testbench/maintenance_tb.vhd
# Compile Entity "maintenance_tb"
# Compile Architecture "TB_ARCHITECTURE" of Entity "maintenance_tb"
# Compile Configuration "TESTBENCH_FOR_maintenance"
# Top-level unit(s) detected:
# Configuration => TESTBENCH_FOR_heat_control
# Configuration => TESTBENCH_FOR_rtc
# Entity => TopLevel_tb
# Configuration => TESTBENCH_FOR_SimHeatADC
# Configuration => TESTBENCH_FOR_lighting_control
# Configuration => TESTBENCH_FOR_maintenance
# Configuration => TESTBENCH_FOR_feedmode
# Configuration => TESTBENCH_FOR_ato
# Compile success 0 Errors 0 Warnings  Analysis time :  0.5 [s]
