# Waveform file 'untitled.awc' connected to 'C:/My_Designs/Aquarium_Controller/AquariumControlerVHDL/AquariumController/src/toplevelwaveform.asdb'.
acom -reorder -O3 -e 100 -work aquariumcontroller -2019  "$dsn/src/RTC CLOCK.vhd" $dsn/src/SimHeatADC.vhd "$dsn/src/Lighting control.vhd" $dsn/src/Maitenence.vhd $dsn/src/Feed.vhd "$dsn/src/Heat control.vhd" $dsn/src/ATO.vhd $dsn/src/TestBench/feedmode_TB.vhd $dsn/src/TestBench/lighting_control_TB.vhd $dsn/src/TestBench/heat_control_TB.vhd $dsn/src/TestBench/ato_TB.vhd $dsn/src/TestBench/simheatadc_TB.vhd $dsn/src/TestBench/rtc_TB.vhd $dsn/src/TopLevel.vhd $dsn/src/TestBench/toplevel_TB.vhd $dsn/src/testbench/maintenance_tb.vhd
# Warning: DAGGEN_0523: The source is compiled without the -dbg switch. Line breakpoints and assertion debug will not be available.
# File: C:/My_Designs/Aquarium_Controller/AquariumControlerVHDL/AquariumController/src/RTC CLOCK.vhd
# Compile Entity "RTC"
# Compile Architecture "Behavioral" of Entity "RTC"
# File: C:/My_Designs/Aquarium_Controller/AquariumControlerVHDL/AquariumController/src/SimHeatADC.vhd
# Compile Entity "SimHeatADC"
# Compile Architecture "behavior" of Entity "SimHeatADC"
# File: C:/My_Designs/Aquarium_Controller/AquariumControlerVHDL/AquariumController/src/Lighting control.vhd
# Compile Entity "Lighting_Control"
# Compile Architecture "Behavioral" of Entity "Lighting_Control"
# File: C:/My_Designs/Aquarium_Controller/AquariumControlerVHDL/AquariumController/src/Maitenence.vhd
# Compile Entity "maintenance"
# Compile Architecture "Behavioral" of Entity "maintenance"
# File: C:/My_Designs/Aquarium_Controller/AquariumControlerVHDL/AquariumController/src/Feed.vhd
# Compile Entity "feedmode"
# Compile Architecture "Behavioral" of Entity "feedmode"
# File: C:/My_Designs/Aquarium_Controller/AquariumControlerVHDL/AquariumController/src/Heat control.vhd
# Compile Entity "Heat_control"
# Compile Architecture "behavioral" of Entity "Heat_control"
# File: C:/My_Designs/Aquarium_Controller/AquariumControlerVHDL/AquariumController/src/ATO.vhd
# Compile Entity "ATO"
# Compile Architecture "Behavioral" of Entity "ATO"
# File: C:/My_Designs/Aquarium_Controller/AquariumControlerVHDL/AquariumController/src/TestBench/feedmode_TB.vhd
# Compile Entity "feedmode_tb"
# Compile Architecture "TB_ARCHITECTURE" of Entity "feedmode_tb"
# Compile Configuration "TESTBENCH_FOR_feedmode"
# Error: VLM_0026: Cannot write data to the MGF file - possibly no space on disk or MGF file corrupted. In the second case, please use command vdel -all to empty library "aquariumcontroller".
# Error: DAGGEN_0700: Fatal error : INTERNAL CODE GENERATOR ERROR
#  (when resetting code generator for package (null))
# Error: COMP96_0236: Fatal error : INTERNAL COMPILER ERROR (compiled file "C:/My_Designs/Aquarium_Controller/AquariumControlerVHDL/AquariumController/src/TestBench/feedmode_TB.vhd" - global process).
# Compile failure 3 Errors 0 Warnings  Analysis time :  0.2 [s]
