Active-HDL 12.0.118.7745 2025-04-17 14:10:26

Elaboration top modules:
Architecture                  TB_ARCHITECTURE(SimHeatADC_tb)


----------------------------------------------------------------------------------------------------
Entity        | Architecture    | Library    | Info | Compiler Version        | Compilation Options
----------------------------------------------------------------------------------------------------
SimHeatADC_tb | TB_ARCHITECTURE | controller |      | 12.0.118.7745 (Windows) | -O3
SimHeatADC    | behavior        | controller |      | 12.0.118.7745 (Windows) | -O3
----------------------------------------------------------------------------------------------------

----------------------------------------------------------------------------------------------------
VHDL Package                    | Library    | Info | Compiler Version        | Compilation Options
----------------------------------------------------------------------------------------------------
standard                        | std        |      |                         | <unavailable>
TEXTIO                          | std        |      |                         | <unavailable>
std_logic_1164                  | ieee       |      |                         | <unavailable>
NUMERIC_STD                     | ieee       |      |                         | <unavailable>
----------------------------------------------------------------------------------------------------

----------------------------------------------------------------------------------------------------
Library                         | Comment
----------------------------------------------------------------------------------------------------
controller                      | None
ieee                            | Standard IEEE packages library
std                             | Standard VHDL library
----------------------------------------------------------------------------------------------------
